<?xml version="1.0" encoding="UTF-8"?>
<testng-results ignored="0" total="2" passed="2" failed="0" skipped="0">
  <reporter-output>
  </reporter-output>
  <suite started-at="2018-09-13T17:08:20Z" name="Suite" finished-at="2018-09-13T17:08:58Z" duration-ms="37580">
    <groups>
    </groups>
    <test started-at="2018-09-13T17:08:20Z" name="IETest" finished-at="2018-09-13T17:08:56Z" duration-ms="35745">
      <class name="com.project.crossbrowser.CrossBrowsertesting">
        <test-method is-config="true" signature="setup(java.lang.String)[pri:0, instance:com.project.crossbrowser.CrossBrowsertesting@2118cddf]" started-at="2018-09-13T17:08:20Z" name="setup" finished-at="2018-09-13T17:08:28Z" duration-ms="7256" status="PASS">
          <params>
            <param index="0">
              <value>
                <![CDATA[IE]]>
              </value>
            </param>
          </params>
          <reporter-output>
          </reporter-output>
        </test-method> <!-- setup -->
        <test-method signature="login()[pri:0, instance:com.project.crossbrowser.CrossBrowsertesting@2118cddf]" started-at="2018-09-13T17:08:28Z" name="login" finished-at="2018-09-13T17:08:56Z" duration-ms="28454" status="PASS">
          <reporter-output>
          </reporter-output>
        </test-method> <!-- login -->
      </class> <!-- com.project.crossbrowser.CrossBrowsertesting -->
    </test> <!-- IETest -->
    <test started-at="2018-09-13T17:08:20Z" name="ChromeTest" finished-at="2018-09-13T17:08:58Z" duration-ms="37580">
      <class name="com.project.crossbrowser.CrossBrowsertesting">
        <test-method is-config="true" signature="setup(java.lang.String)[pri:0, instance:com.project.crossbrowser.CrossBrowsertesting@10aa41f2]" started-at="2018-09-13T17:08:20Z" name="setup" finished-at="2018-09-13T17:08:28Z" duration-ms="7985" status="PASS">
          <params>
            <param index="0">
              <value>
                <![CDATA[Chrome]]>
              </value>
            </param>
          </params>
          <reporter-output>
          </reporter-output>
        </test-method> <!-- setup -->
        <test-method signature="login()[pri:0, instance:com.project.crossbrowser.CrossBrowsertesting@10aa41f2]" started-at="2018-09-13T17:08:28Z" name="login" finished-at="2018-09-13T17:08:58Z" duration-ms="29546" status="PASS">
          <reporter-output>
          </reporter-output>
        </test-method> <!-- login -->
      </class> <!-- com.project.crossbrowser.CrossBrowsertesting -->
    </test> <!-- ChromeTest -->
  </suite> <!-- Suite -->
</testng-results>
