<?xml version="1.0" encoding="UTF-8"?>
<testng-results ignored="0" total="2" passed="2" failed="0" skipped="0">
  <reporter-output>
  </reporter-output>
  <suite started-at="2018-09-13T18:23:12Z" name="Suite" finished-at="2018-09-13T18:24:15Z" duration-ms="62186">
    <groups>
    </groups>
    <test started-at="2018-09-13T18:23:12Z" name="IETest" finished-at="2018-09-13T18:24:14Z" duration-ms="61281">
      <class name="com.project.crossbrowser.CrossBrowsertesting">
        <test-method is-config="true" signature="setup(java.lang.String)[pri:0, instance:com.project.crossbrowser.CrossBrowsertesting@29647f75]" started-at="2018-09-13T18:23:13Z" name="setup" finished-at="2018-09-13T18:23:21Z" duration-ms="8771" status="PASS">
          <params>
            <param index="0">
              <value>
                <![CDATA[IE]]>
              </value>
            </param>
          </params>
          <reporter-output>
          </reporter-output>
        </test-method> <!-- setup -->
        <test-method signature="login()[pri:0, instance:com.project.crossbrowser.CrossBrowsertesting@29647f75]" started-at="2018-09-13T18:23:21Z" name="login" finished-at="2018-09-13T18:24:14Z" duration-ms="52474" status="PASS">
          <reporter-output>
          </reporter-output>
        </test-method> <!-- login -->
      </class> <!-- com.project.crossbrowser.CrossBrowsertesting -->
    </test> <!-- IETest -->
    <test started-at="2018-09-13T18:23:12Z" name="ChromeTest" finished-at="2018-09-13T18:24:15Z" duration-ms="62186">
      <class name="com.project.crossbrowser.CrossBrowsertesting">
        <test-method is-config="true" signature="setup(java.lang.String)[pri:0, instance:com.project.crossbrowser.CrossBrowsertesting@69fb6037]" started-at="2018-09-13T18:23:13Z" name="setup" finished-at="2018-09-13T18:23:22Z" duration-ms="9483" status="PASS">
          <params>
            <param index="0">
              <value>
                <![CDATA[Chrome]]>
              </value>
            </param>
          </params>
          <reporter-output>
          </reporter-output>
        </test-method> <!-- setup -->
        <test-method signature="login()[pri:0, instance:com.project.crossbrowser.CrossBrowsertesting@69fb6037]" started-at="2018-09-13T18:23:22Z" name="login" finished-at="2018-09-13T18:24:15Z" duration-ms="52670" status="PASS">
          <reporter-output>
          </reporter-output>
        </test-method> <!-- login -->
      </class> <!-- com.project.crossbrowser.CrossBrowsertesting -->
    </test> <!-- ChromeTest -->
  </suite> <!-- Suite -->
</testng-results>
